# JRE version: OpenJDK Runtime Environment Temurin-17.0.7+7 (17.0.7+7) (build 17.0.7+7)
# Java VM: OpenJDK 64-Bit Server VM Temurin-17.0.7+7 (17.0.7+7, mixed mode, emulated-client, tiered, compressed oops, compressed class ptrs, g1 gc, windows-amd64)
GC Precious Log:
 CPUs: 12 total, 12 available
 Memory: 7930M
 Large Page Support: Disabled
 NUMA Support: Disabled
 Compressed Oops: Enabled (32-bit)
 Heap Region Size: 1M
 Heap Min Capacity: 8M
 Heap Initial Capacity: 124M
 Heap Max Capacity: 1984M
 Pre-touch: Disabled
 Parallel Workers: 10
 Concurrent Workers: 3
 Concurrent Refinement Workers: 10
 Periodic GC: Disabled
Heap:
 garbage-first heap   total 92160K, used 54937K [0x0000000084000000, 0x0000000100000000)
  region size 1024K, 28 young (28672K), 3 survivors (3072K)
 Metaspace       used 77827K, committed 78464K, reserved 1179648K
  class space    used 10428K, committed 10752K, reserved 1048576K
GC Heap History (20 events):
Event: 257.906 GC heap before
{Heap before GC invocations=27 (full 3):
 garbage-first heap   total 92160K, used 43825K [0x0000000084000000, 0x0000000100000000)
  region size 1024K, 17 young (17408K), 3 survivors (3072K)
 Metaspace       used 76621K, committed 77184K, reserved 1179648K
  class space    used 10316K, committed 10560K, reserved 1048576K
}
Event: 257.929 GC heap after
{Heap after GC invocations=28 (full 4):
 garbage-first heap   total 92160K, used 24736K [0x0000000084000000, 0x0000000100000000)
  region size 1024K, 0 young (0K), 0 survivors (0K)
 Metaspace       used 76618K, committed 77184K, reserved 1179648K
  class space    used 10316K, committed 10560K, reserved 1048576K
}
Event: 258.137 GC heap before
{Heap before GC invocations=28 (full 4):
 garbage-first heap   total 92160K, used 69792K [0x0000000084000000, 0x0000000100000000)
  region size 1024K, 44 young (45056K), 0 survivors (0K)
 Metaspace       used 76720K, committed 77312K, reserved 1179648K
  class space    used 10334K, committed 10624K, reserved 1048576K
}
Event: 258.139 GC heap after
{Heap after GC invocations=29 (full 4):
 garbage-first heap   total 92160K, used 28183K [0x0000000084000000, 0x0000000100000000)
  region size 1024K, 4 young (4096K), 4 survivors (4096K)
 Metaspace       used 76720K, committed 77312K, reserved 1179648K
  class space    used 10334K, committed 10624K, reserved 1048576K
}
Event: 258.264 GC heap before
{Heap before GC invocations=29 (full 4):
 garbage-first heap   total 92160K, used 70167K [0x0000000084000000, 0x0000000100000000)
  region size 1024K, 45 young (46080K), 4 survivors (4096K)
 Metaspace       used 76984K, committed 77568K, reserved 1179648K
  class space    used 10349K, committed 10624K, reserved 1048576K
}
Event: 258.268 GC heap after
{Heap after GC invocations=30 (full 4):
 garbage-first heap   total 92160K, used 30512K [0x0000000084000000, 0x0000000100000000)
  region size 1024K, 3 young (3072K), 3 survivors (3072K)
 Metaspace       used 76984K, committed 77568K, reserved 1179648K
  class space    used 10349K, committed 10624K, reserved 1048576K
}
Event: 317.014 GC heap before
{Heap before GC invocations=30 (full 4):
 garbage-first heap   total 92160K, used 45872K [0x0000000084000000, 0x0000000100000000)
  region size 1024K, 19 young (19456K), 3 survivors (3072K)
 Metaspace       used 77036K, committed 77632K, reserved 1179648K
  class space    used 10358K, committed 10624K, reserved 1048576K
}
Event: 317.055 GC heap after
{Heap after GC invocations=31 (full 5):
 garbage-first heap   total 92160K, used 24966K [0x0000000084000000, 0x0000000100000000)
  region size 1024K, 0 young (0K), 0 survivors (0K)
 Metaspace       used 77033K, committed 77632K, reserved 1179648K
  class space    used 10357K, committed 10624K, reserved 1048576K
}
Event: 319.196 GC heap before
{Heap before GC invocations=31 (full 5):
 garbage-first heap   total 92160K, used 68998K [0x0000000084000000, 0x0000000100000000)
  region size 1024K, 44 young (45056K), 0 survivors (0K)
 Metaspace       used 77166K, committed 77824K, reserved 1179648K
  class space    used 10374K, committed 10688K, reserved 1048576K
}
Event: 319.197 GC heap after
{Heap after GC invocations=32 (full 5):
 garbage-first heap   total 92160K, used 27098K [0x0000000084000000, 0x0000000100000000)
  region size 1024K, 3 young (3072K), 3 survivors (3072K)
 Metaspace       used 77166K, committed 77824K, reserved 1179648K
  class space    used 10374K, committed 10688K, reserved 1048576K
}
Event: 319.376 GC heap before
{Heap before GC invocations=32 (full 5):
 garbage-first heap   total 92160K, used 69082K [0x0000000084000000, 0x0000000100000000)
  region size 1024K, 45 young (46080K), 3 survivors (3072K)
 Metaspace       used 77377K, committed 78016K, reserved 1179648K
  class space    used 10398K, committed 10688K, reserved 1048576K
}
Event: 319.380 GC heap after
{Heap after GC invocations=33 (full 5):
 garbage-first heap   total 92160K, used 29385K [0x0000000084000000, 0x0000000100000000)
  region size 1024K, 5 young (5120K), 5 survivors (5120K)
 Metaspace       used 77377K, committed 78016K, reserved 1179648K
  class space    used 10398K, committed 10688K, reserved 1048576K
}
Event: 319.491 GC heap before
{Heap before GC invocations=33 (full 5):
 garbage-first heap   total 92160K, used 70345K [0x0000000084000000, 0x0000000100000000)
  region size 1024K, 45 young (46080K), 5 survivors (5120K)
 Metaspace       used 77565K, committed 78208K, reserved 1179648K
  class space    used 10412K, committed 10688K, reserved 1048576K
}
Event: 319.494 GC heap after
{Heap after GC invocations=34 (full 5):
 garbage-first heap   total 92160K, used 31378K [0x0000000084000000, 0x0000000100000000)
  region size 1024K, 5 young (5120K), 5 survivors (5120K)
 Metaspace       used 77565K, committed 78208K, reserved 1179648K
  class space    used 10412K, committed 10688K, reserved 1048576K
}
Event: 334.311 GC heap before
{Heap before GC invocations=34 (full 5):
 garbage-first heap   total 92160K, used 37522K [0x0000000084000000, 0x0000000100000000)
  region size 1024K, 12 young (12288K), 5 survivors (5120K)
 Metaspace       used 77573K, committed 78208K, reserved 1179648K
  class space    used 10413K, committed 10688K, reserved 1048576K
}
Event: 334.336 GC heap after
{Heap after GC invocations=35 (full 6):
 garbage-first heap   total 92160K, used 24632K [0x0000000084000000, 0x0000000100000000)
  region size 1024K, 0 young (0K), 0 survivors (0K)
 Metaspace       used 77433K, committed 78208K, reserved 1179648K
  class space    used 10391K, committed 10688K, reserved 1048576K
}
Event: 334.564 GC heap before
{Heap before GC invocations=35 (full 6):
 garbage-first heap   total 92160K, used 69688K [0x0000000084000000, 0x0000000100000000)
  region size 1024K, 45 young (46080K), 0 survivors (0K)
 Metaspace       used 77540K, committed 78208K, reserved 1179648K
  class space    used 10411K, committed 10688K, reserved 1048576K
}
Event: 334.567 GC heap after
{Heap after GC invocations=36 (full 6):
 garbage-first heap   total 92160K, used 28570K [0x0000000084000000, 0x0000000100000000)
  region size 1024K, 4 young (4096K), 4 survivors (4096K)
 Metaspace       used 77540K, committed 78208K, reserved 1179648K
  class space    used 10411K, committed 10688K, reserved 1048576K
}
Event: 334.689 GC heap before
{Heap before GC invocations=36 (full 6):
 garbage-first heap   total 92160K, used 70554K [0x0000000084000000, 0x0000000100000000)
  region size 1024K, 45 young (46080K), 4 survivors (4096K)
 Metaspace       used 77797K, committed 78464K, reserved 1179648K
  class space    used 10426K, committed 10752K, reserved 1048576K
}
Event: 334.692 GC heap after
{Heap after GC invocations=37 (full 6):
 garbage-first heap   total 92160K, used 30361K [0x0000000084000000, 0x0000000100000000)
  region size 1024K, 3 young (3072K), 3 survivors (3072K)
 Metaspace       used 77797K, committed 78464K, reserved 1179648K
  class space    used 10426K, committed 10752K, reserved 1048576K
}

