# JRE version: Java(TM) SE Runtime Environment (8.0_221-b11) (build 1.8.0_221-b11)
# Java VM: Java HotSpot(TM) 64-Bit Server VM (25.221-b11 mixed mode windows-amd64 compressed oops)
Heap:
 PSYoungGen      total 366080K, used 125643K [0x00000000d6b00000, 0x00000000f0880000, 0x0000000100000000)
  eden space 350720K, 35% used [0x00000000d6b00000,0x00000000de5b2ea0,0x00000000ec180000)
  from space 15360K, 0% used [0x00000000ed700000,0x00000000ed700000,0x00000000ee600000)
  to   space 22016K, 0% used [0x00000000ec180000,0x00000000ec180000,0x00000000ed700000)
 ParOldGen       total 123904K, used 36395K [0x0000000084000000, 0x000000008b900000, 0x00000000d6b00000)
  object space 123904K, 29% used [0x0000000084000000,0x000000008638afe8,0x000000008b900000)
 Metaspace       used 62143K, capacity 66056K, committed 66324K, reserved 1105920K
  class space    used 8501K, capacity 9165K, committed 9236K, reserved 1048576K
GC Heap History (10 events):
Event: 1.753 GC heap before
{Heap before GC invocations=7 (full 1):
 PSYoungGen      total 132096K, used 126976K [0x00000000d6b00000, 0x00000000e7800000, 0x0000000100000000)
  eden space 126976K, 100% used [0x00000000d6b00000,0x00000000de700000,0x00000000de700000)
  from space 5120K, 0% used [0x00000000de700000,0x00000000de700000,0x00000000dec00000)
  to   space 10752K, 0% used [0x00000000e6d80000,0x00000000e6d80000,0x00000000e7800000)
 ParOldGen       total 51200K, used 5842K [0x0000000084000000, 0x0000000087200000, 0x00000000d6b00000)
  object space 51200K, 11% used [0x0000000084000000,0x00000000845b4888,0x0000000087200000)
 Metaspace       used 26740K, capacity 28166K, committed 28416K, reserved 1073152K
  class space    used 3459K, capacity 3741K, committed 3840K, reserved 1048576K
Event: 1.762 GC heap after
Heap after GC invocations=7 (full 1):
 PSYoungGen      total 225792K, used 10734K [0x00000000d6b00000, 0x00000000e7800000, 0x0000000100000000)
  eden space 215040K, 0% used [0x00000000d6b00000,0x00000000d6b00000,0x00000000e3d00000)
  from space 10752K, 99% used [0x00000000e6d80000,0x00000000e77fb8c8,0x00000000e7800000)
  to   space 13312K, 0% used [0x00000000e5e00000,0x00000000e5e00000,0x00000000e6b00000)
 ParOldGen       total 51200K, used 6199K [0x0000000084000000, 0x0000000087200000, 0x00000000d6b00000)
  object space 51200K, 12% used [0x0000000084000000,0x000000008460dcb8,0x0000000087200000)
 Metaspace       used 26740K, capacity 28166K, committed 28416K, reserved 1073152K
  class space    used 3459K, capacity 3741K, committed 3840K, reserved 1048576K
}
Event: 2.365 GC heap before
{Heap before GC invocations=8 (full 1):
 PSYoungGen      total 225792K, used 166345K [0x00000000d6b00000, 0x00000000e7800000, 0x0000000100000000)
  eden space 215040K, 72% used [0x00000000d6b00000,0x00000000e02f6ef0,0x00000000e3d00000)
  from space 10752K, 99% used [0x00000000e6d80000,0x00000000e77fb8c8,0x00000000e7800000)
  to   space 13312K, 0% used [0x00000000e5e00000,0x00000000e5e00000,0x00000000e6b00000)
 ParOldGen       total 51200K, used 6199K [0x0000000084000000, 0x0000000087200000, 0x00000000d6b00000)
  object space 51200K, 12% used [0x0000000084000000,0x000000008460dcb8,0x0000000087200000)
 Metaspace       used 33239K, capacity 35382K, committed 35416K, reserved 1079296K
  class space    used 4323K, capacity 4705K, committed 4736K, reserved 1048576K
Event: 2.375 GC heap after
Heap after GC invocations=8 (full 1):
 PSYoungGen      total 262144K, used 13183K [0x00000000d6b00000, 0x00000000ee600000, 0x0000000100000000)
  eden space 248832K, 0% used [0x00000000d6b00000,0x00000000d6b00000,0x00000000e5e00000)
  from space 13312K, 99% used [0x00000000e5e00000,0x00000000e6adfe48,0x00000000e6b00000)
  to   space 15360K, 0% used [0x00000000ed700000,0x00000000ed700000,0x00000000ee600000)
 ParOldGen       total 51200K, used 6207K [0x0000000084000000, 0x0000000087200000, 0x00000000d6b00000)
  object space 51200K, 12% used [0x0000000084000000,0x000000008460fcb8,0x0000000087200000)
 Metaspace       used 33239K, capacity 35382K, committed 35416K, reserved 1079296K
  class space    used 4323K, capacity 4705K, committed 4736K, reserved 1048576K
}
Event: 2.375 GC heap before
{Heap before GC invocations=9 (full 2):
 PSYoungGen      total 262144K, used 13183K [0x00000000d6b00000, 0x00000000ee600000, 0x0000000100000000)
  eden space 248832K, 0% used [0x00000000d6b00000,0x00000000d6b00000,0x00000000e5e00000)
  from space 13312K, 99% used [0x00000000e5e00000,0x00000000e6adfe48,0x00000000e6b00000)
  to   space 15360K, 0% used [0x00000000ed700000,0x00000000ed700000,0x00000000ee600000)
 ParOldGen       total 51200K, used 6207K [0x0000000084000000, 0x0000000087200000, 0x00000000d6b00000)
  object space 51200K, 12% used [0x0000000084000000,0x000000008460fcb8,0x0000000087200000)
 Metaspace       used 33239K, capacity 35382K, committed 35416K, reserved 1079296K
  class space    used 4323K, capacity 4705K, committed 4736K, reserved 1048576K
Event: 2.420 GC heap after
Heap after GC invocations=9 (full 2):
 PSYoungGen      total 262144K, used 0K [0x00000000d6b00000, 0x00000000ee600000, 0x0000000100000000)
  eden space 248832K, 0% used [0x00000000d6b00000,0x00000000d6b00000,0x00000000e5e00000)
  from space 13312K, 0% used [0x00000000e5e00000,0x00000000e5e00000,0x00000000e6b00000)
  to   space 15360K, 0% used [0x00000000ed700000,0x00000000ed700000,0x00000000ee600000)
 ParOldGen       total 79872K, used 16984K [0x0000000084000000, 0x0000000088e00000, 0x00000000d6b00000)
  object space 79872K, 21% used [0x0000000084000000,0x0000000085096378,0x0000000088e00000)
 Metaspace       used 33239K, capacity 35382K, committed 35416K, reserved 1079296K
  class space    used 4323K, capacity 4705K, committed 4736K, reserved 1048576K
}
Event: 4.076 GC heap before
{Heap before GC invocations=10 (full 2):
 PSYoungGen      total 262144K, used 248832K [0x00000000d6b00000, 0x00000000ee600000, 0x0000000100000000)
  eden space 248832K, 100% used [0x00000000d6b00000,0x00000000e5e00000,0x00000000e5e00000)
  from space 13312K, 0% used [0x00000000e5e00000,0x00000000e5e00000,0x00000000e6b00000)
  to   space 15360K, 0% used [0x00000000ed700000,0x00000000ed700000,0x00000000ee600000)
 ParOldGen       total 79872K, used 16984K [0x0000000084000000, 0x0000000088e00000, 0x00000000d6b00000)
  object space 79872K, 21% used [0x0000000084000000,0x0000000085096378,0x0000000088e00000)
 Metaspace       used 55628K, capacity 58800K, committed 59028K, reserved 1099776K
  class space    used 7512K, capacity 8065K, committed 8084K, reserved 1048576K
Event: 4.098 GC heap after
Heap after GC invocations=10 (full 2):
 PSYoungGen      total 366080K, used 15330K [0x00000000d6b00000, 0x00000000f0880000, 0x0000000100000000)
  eden space 350720K, 0% used [0x00000000d6b00000,0x00000000d6b00000,0x00000000ec180000)
  from space 15360K, 99% used [0x00000000ed700000,0x00000000ee5f8930,0x00000000ee600000)
  to   space 22016K, 0% used [0x00000000ec180000,0x00000000ec180000,0x00000000ed700000)
 ParOldGen       total 79872K, used 26700K [0x0000000084000000, 0x0000000088e00000, 0x00000000d6b00000)
  object space 79872K, 33% used [0x0000000084000000,0x0000000085a13348,0x0000000088e00000)
 Metaspace       used 55628K, capacity 58800K, committed 59028K, reserved 1099776K
  class space    used 7512K, capacity 8065K, committed 8084K, reserved 1048576K
}
Event: 4.098 GC heap before
{Heap before GC invocations=11 (full 3):
 PSYoungGen      total 366080K, used 15330K [0x00000000d6b00000, 0x00000000f0880000, 0x0000000100000000)
  eden space 350720K, 0% used [0x00000000d6b00000,0x00000000d6b00000,0x00000000ec180000)
  from space 15360K, 99% used [0x00000000ed700000,0x00000000ee5f8930,0x00000000ee600000)
  to   space 22016K, 0% used [0x00000000ec180000,0x00000000ec180000,0x00000000ed700000)
 ParOldGen       total 79872K, used 26700K [0x0000000084000000, 0x0000000088e00000, 0x00000000d6b00000)
  object space 79872K, 33% used [0x0000000084000000,0x0000000085a13348,0x0000000088e00000)
 Metaspace       used 55628K, capacity 58800K, committed 59028K, reserved 1099776K
  class space    used 7512K, capacity 8065K, committed 8084K, reserved 1048576K
Event: 4.214 GC heap after
Heap after GC invocations=11 (full 3):
 PSYoungGen      total 366080K, used 0K [0x00000000d6b00000, 0x00000000f0880000, 0x0000000100000000)
  eden space 350720K, 0% used [0x00000000d6b00000,0x00000000d6b00000,0x00000000ec180000)
  from space 15360K, 0% used [0x00000000ed700000,0x00000000ed700000,0x00000000ee600000)
  to   space 22016K, 0% used [0x00000000ec180000,0x00000000ec180000,0x00000000ed700000)
 ParOldGen       total 123904K, used 36395K [0x0000000084000000, 0x000000008b900000, 0x00000000d6b00000)
  object space 123904K, 29% used [0x0000000084000000,0x000000008638afe8,0x000000008b900000)
 Metaspace       used 55628K, capacity 58800K, committed 59028K, reserved 1099776K
  class space    used 7512K, capacity 8065K, committed 8084K, reserved 1048576K
}

