# JRE version: Java(TM) SE Runtime Environment (8.0_221-b11) (build 1.8.0_221-b11)
# Java VM: Java HotSpot(TM) 64-Bit Server VM (25.221-b11 mixed mode windows-amd64 compressed oops)
Heap:
 PSYoungGen      total 132096K, used 23370K [0x00000000d6b00000, 0x00000000e5380000, 0x0000000100000000)
  eden space 126976K, 14% used [0x00000000d6b00000,0x00000000d7cd6fd8,0x00000000de700000)
  from space 5120K, 99% used [0x00000000de700000,0x00000000debfb9a0,0x00000000dec00000)
  to   space 11264K, 0% used [0x00000000e4880000,0x00000000e4880000,0x00000000e5380000)
 ParOldGen       total 52224K, used 9896K [0x0000000084000000, 0x0000000087300000, 0x00000000d6b00000)
  object space 52224K, 18% used [0x0000000084000000,0x00000000849aa368,0x0000000087300000)
 Metaspace       used 26080K, capacity 27426K, committed 27520K, reserved 1073152K
  class space    used 3330K, capacity 3635K, committed 3712K, reserved 1048576K
GC Heap History (10 events):
Event: 0.728 GC heap before
{Heap before GC invocations=2 (full 0):
 PSYoungGen      total 36864K, used 36398K [0x00000000d6b00000, 0x00000000db300000, 0x0000000100000000)
  eden space 31744K, 99% used [0x00000000d6b00000,0x00000000d89f84f8,0x00000000d8a00000)
  from space 5120K, 91% used [0x00000000d8a00000,0x00000000d8e933d8,0x00000000d8f00000)
  to   space 5120K, 0% used [0x00000000dae00000,0x00000000dae00000,0x00000000db300000)
 ParOldGen       total 84992K, used 16K [0x0000000084000000, 0x0000000089300000, 0x00000000d6b00000)
  object space 84992K, 0% used [0x0000000084000000,0x0000000084004000,0x0000000089300000)
 Metaspace       used 11097K, capacity 11366K, committed 11392K, reserved 1058816K
  class space    used 1304K, capacity 1387K, committed 1408K, reserved 1048576K
Event: 0.731 GC heap after
Heap after GC invocations=2 (full 0):
 PSYoungGen      total 68608K, used 2780K [0x00000000d6b00000, 0x00000000db300000, 0x0000000100000000)
  eden space 63488K, 0% used [0x00000000d6b00000,0x00000000d6b00000,0x00000000da900000)
  from space 5120K, 54% used [0x00000000dae00000,0x00000000db0b7340,0x00000000db300000)
  to   space 5120K, 0% used [0x00000000da900000,0x00000000da900000,0x00000000dae00000)
 ParOldGen       total 84992K, used 24K [0x0000000084000000, 0x0000000089300000, 0x00000000d6b00000)
  object space 84992K, 0% used [0x0000000084000000,0x0000000084006000,0x0000000089300000)
 Metaspace       used 11097K, capacity 11366K, committed 11392K, reserved 1058816K
  class space    used 1304K, capacity 1387K, committed 1408K, reserved 1048576K
}
Event: 1.135 GC heap before
{Heap before GC invocations=3 (full 0):
 PSYoungGen      total 68608K, used 66268K [0x00000000d6b00000, 0x00000000db300000, 0x0000000100000000)
  eden space 63488K, 100% used [0x00000000d6b00000,0x00000000da900000,0x00000000da900000)
  from space 5120K, 54% used [0x00000000dae00000,0x00000000db0b7340,0x00000000db300000)
  to   space 5120K, 0% used [0x00000000da900000,0x00000000da900000,0x00000000dae00000)
 ParOldGen       total 84992K, used 24K [0x0000000084000000, 0x0000000089300000, 0x00000000d6b00000)
  object space 84992K, 0% used [0x0000000084000000,0x0000000084006000,0x0000000089300000)
 Metaspace       used 17452K, capacity 18090K, committed 18304K, reserved 1064960K
  class space    used 2160K, capacity 2316K, committed 2432K, reserved 1048576K
Event: 1.145 GC heap after
Heap after GC invocations=3 (full 0):
 PSYoungGen      total 68608K, used 5105K [0x00000000d6b00000, 0x00000000df100000, 0x0000000100000000)
  eden space 63488K, 0% used [0x00000000d6b00000,0x00000000d6b00000,0x00000000da900000)
  from space 5120K, 99% used [0x00000000da900000,0x00000000dadfc458,0x00000000dae00000)
  to   space 5120K, 0% used [0x00000000dec00000,0x00000000dec00000,0x00000000df100000)
 ParOldGen       total 84992K, used 4698K [0x0000000084000000, 0x0000000089300000, 0x00000000d6b00000)
  object space 84992K, 5% used [0x0000000084000000,0x0000000084496ab8,0x0000000089300000)
 Metaspace       used 17452K, capacity 18090K, committed 18304K, reserved 1064960K
  class space    used 2160K, capacity 2316K, committed 2432K, reserved 1048576K
}
Event: 1.249 GC heap before
{Heap before GC invocations=4 (full 0):
 PSYoungGen      total 68608K, used 31606K [0x00000000d6b00000, 0x00000000df100000, 0x0000000100000000)
  eden space 63488K, 41% used [0x00000000d6b00000,0x00000000d84e15e0,0x00000000da900000)
  from space 5120K, 99% used [0x00000000da900000,0x00000000dadfc458,0x00000000dae00000)
  to   space 5120K, 0% used [0x00000000dec00000,0x00000000dec00000,0x00000000df100000)
 ParOldGen       total 84992K, used 4698K [0x0000000084000000, 0x0000000089300000, 0x00000000d6b00000)
  object space 84992K, 5% used [0x0000000084000000,0x0000000084496ab8,0x0000000089300000)
 Metaspace       used 20447K, capacity 21166K, committed 21248K, reserved 1067008K
  class space    used 2572K, capacity 2758K, committed 2816K, reserved 1048576K
Event: 1.258 GC heap after
Heap after GC invocations=4 (full 0):
 PSYoungGen      total 132096K, used 5117K [0x00000000d6b00000, 0x00000000df100000, 0x0000000100000000)
  eden space 126976K, 0% used [0x00000000d6b00000,0x00000000d6b00000,0x00000000de700000)
  from space 5120K, 99% used [0x00000000dec00000,0x00000000df0ff4b0,0x00000000df100000)
  to   space 5120K, 0% used [0x00000000de700000,0x00000000de700000,0x00000000dec00000)
 ParOldGen       total 84992K, used 6982K [0x0000000084000000, 0x0000000089300000, 0x00000000d6b00000)
  object space 84992K, 8% used [0x0000000084000000,0x00000000846d1840,0x0000000089300000)
 Metaspace       used 20447K, capacity 21166K, committed 21248K, reserved 1067008K
  class space    used 2572K, capacity 2758K, committed 2816K, reserved 1048576K
}
Event: 1.258 GC heap before
{Heap before GC invocations=5 (full 1):
 PSYoungGen      total 132096K, used 5117K [0x00000000d6b00000, 0x00000000df100000, 0x0000000100000000)
  eden space 126976K, 0% used [0x00000000d6b00000,0x00000000d6b00000,0x00000000de700000)
  from space 5120K, 99% used [0x00000000dec00000,0x00000000df0ff4b0,0x00000000df100000)
  to   space 5120K, 0% used [0x00000000de700000,0x00000000de700000,0x00000000dec00000)
 ParOldGen       total 84992K, used 6982K [0x0000000084000000, 0x0000000089300000, 0x00000000d6b00000)
  object space 84992K, 8% used [0x0000000084000000,0x00000000846d1840,0x0000000089300000)
 Metaspace       used 20447K, capacity 21166K, committed 21248K, reserved 1067008K
  class space    used 2572K, capacity 2758K, committed 2816K, reserved 1048576K
Event: 1.288 GC heap after
Heap after GC invocations=5 (full 1):
 PSYoungGen      total 132096K, used 0K [0x00000000d6b00000, 0x00000000df100000, 0x0000000100000000)
  eden space 126976K, 0% used [0x00000000d6b00000,0x00000000d6b00000,0x00000000de700000)
  from space 5120K, 0% used [0x00000000dec00000,0x00000000dec00000,0x00000000df100000)
  to   space 5120K, 0% used [0x00000000de700000,0x00000000de700000,0x00000000dec00000)
 ParOldGen       total 52224K, used 7104K [0x0000000084000000, 0x0000000087300000, 0x00000000d6b00000)
  object space 52224K, 13% used [0x0000000084000000,0x00000000846f0108,0x0000000087300000)
 Metaspace       used 20447K, capacity 21166K, committed 21248K, reserved 1067008K
  class space    used 2572K, capacity 2758K, committed 2816K, reserved 1048576K
}
Event: 2.077 GC heap before
{Heap before GC invocations=6 (full 1):
 PSYoungGen      total 132096K, used 126976K [0x00000000d6b00000, 0x00000000df100000, 0x0000000100000000)
  eden space 126976K, 100% used [0x00000000d6b00000,0x00000000de700000,0x00000000de700000)
  from space 5120K, 0% used [0x00000000dec00000,0x00000000dec00000,0x00000000df100000)
  to   space 5120K, 0% used [0x00000000de700000,0x00000000de700000,0x00000000dec00000)
 ParOldGen       total 52224K, used 7104K [0x0000000084000000, 0x0000000087300000, 0x00000000d6b00000)
  object space 52224K, 13% used [0x0000000084000000,0x00000000846f0108,0x0000000087300000)
 Metaspace       used 24910K, capacity 26014K, committed 26240K, reserved 1073152K
  class space    used 3153K, capacity 3403K, committed 3456K, reserved 1048576K
Event: 2.088 GC heap after
Heap after GC invocations=6 (full 1):
 PSYoungGen      total 132096K, used 5102K [0x00000000d6b00000, 0x00000000e5380000, 0x0000000100000000)
  eden space 126976K, 0% used [0x00000000d6b00000,0x00000000d6b00000,0x00000000de700000)
  from space 5120K, 99% used [0x00000000de700000,0x00000000debfb9a0,0x00000000dec00000)
  to   space 11264K, 0% used [0x00000000e4880000,0x00000000e4880000,0x00000000e5380000)
 ParOldGen       total 52224K, used 9896K [0x0000000084000000, 0x0000000087300000, 0x00000000d6b00000)
  object space 52224K, 18% used [0x0000000084000000,0x00000000849aa368,0x0000000087300000)
 Metaspace       used 24910K, capacity 26014K, committed 26240K, reserved 1073152K
  class space    used 3153K, capacity 3403K, committed 3456K, reserved 1048576K
}

